<?xml version="1.0" encoding="UTF-8"?>
<!-- Generated by org.testng.reporters.JUnitXMLReporter -->
<testsuite hostname="Rainiersoft" ignored="0" name="Test" tests="8" failures="0" timestamp="27 Sep 2019 12:36:10 GMT" time="0.092" errors="0">
  <testcase name="M1" time="0.017" classname="testing.Parllertesting"/>
  <testcase name="M2" time="0.002" classname="testing.Parllertesting"/>
  <testcase name="M3" time="0.005" classname="testing.Parllertesting"/>
  <testcase name="M4" time="0.003" classname="testing.Parllertesting"/>
  <testcase name="M5" time="0.004" classname="testing.parller1"/>
  <testcase name="M6" time="0.001" classname="testing.parller1"/>
  <testcase name="M7" time="0.002" classname="testing.parller1"/>
  <testcase name="M8" time="0.001" classname="testing.parller1"/>
</testsuite> <!-- Test -->
